
[2K[1G[1myarn run v1.22.22[22m
[2K[1G[2m$ tsup[22m
[34mCLI[39m Building entry: src/index.ts, src/structures/Constants.ts, src/structures/Filters.ts, src/structures/LavalinkManager.ts, src/structures/LavalinkManagerStatics.ts, src/structures/Node.ts, src/structures/NodeManager.ts, src/structures/Player.ts, src/structures/Queue.ts, src/structures/Utils.ts, src/structures/Types/Filters.ts, src/structures/Types/Manager.ts, src/structures/Types/Node.ts, src/structures/Types/Player.ts, src/structures/Types/Queue.ts, src/structures/Types/Track.ts, src/structures/Types/Utils.ts, src/structures/CustomSearches/BandCampSearch.ts
[34mCLI[39m Using tsconfig: tsconfig.json
[34mCLI[39m tsup v8.4.0
[34mCLI[39m Using tsup config: /home/appu/codes/pvt/Mintone/packages/lava-client/tsup.config.ts
[34mCLI[39m Target: esnext
[34mCLI[39m Cleaning output folder
[34mCJS[39m Build start
[32mCJS[39m [1mdist/structures/Constants.js                     [22m[32m12.30 KB[39m
[32mCJS[39m [1mdist/structures/Filters.js                       [22m[32m36.30 KB[39m
[32mCJS[39m [1mdist/structures/LavalinkManagerStatics.js        [22m[32m7.24 KB[39m
[32mCJS[39m [1mdist/structures/NodeManager.js                   [22m[32m85.40 KB[39m
[32mCJS[39m [1mdist/structures/LavalinkManager.js               [22m[32m212.65 KB[39m
[32mCJS[39m [1mdist/structures/Node.js                          [22m[32m78.39 KB[39m
[32mCJS[39m [1mdist/structures/Queue.js                         [22m[32m50.05 KB[39m
[32mCJS[39m [1mdist/index.js                                    [22m[32m218.36 KB[39m
[32mCJS[39m [1mdist/structures/Utils.js                         [22m[32m37.71 KB[39m
[32mCJS[39m [1mdist/structures/Types/Filters.js                 [22m[32m767.00 B[39m
[32mCJS[39m [1mdist/structures/Types/Node.js                    [22m[32m758.00 B[39m
[32mCJS[39m [1mdist/structures/Types/Player.js                  [22m[32m764.00 B[39m
[32mCJS[39m [1mdist/structures/Types/Manager.js                 [22m[32m767.00 B[39m
[32mCJS[39m [1mdist/structures/Types/Queue.js                   [22m[32m761.00 B[39m
[32mCJS[39m [1mdist/structures/Player.js                        [22m[32m111.58 KB[39m
[32mCJS[39m [1mdist/structures/Types/Track.js                   [22m[32m761.00 B[39m
[32mCJS[39m [1mdist/structures/CustomSearches/BandCampSearch.js [22m[32m2.31 KB[39m
[32mCJS[39m [1mdist/structures/Types/Utils.js                   [22m[32m761.00 B[39m
[32mCJS[39m ⚡️ Build success in 158ms
DTS Build start
DTS ⚡️ Build success in 5343ms
DTS dist/structures/CustomSearches/BandCampSearch.d.ts 277.00 B
DTS dist/structures/LavalinkManagerStatics.d.ts        832.00 B
DTS dist/structures/Types/Track.d.ts                   372.00 B
DTS dist/structures/Utils.d.ts                         244.00 B
DTS dist/structures/Types/Utils.d.ts                   1.59 KB
DTS dist/structures/Types/Filters.d.ts                 362.00 B
DTS dist/structures/Constants.d.ts                     213.00 B
DTS dist/structures/Types/Queue.d.ts                   184.00 B
DTS dist/structures/Types/Player.d.ts                  284.00 B
DTS dist/structures/Types/Node.d.ts                    423.00 B
DTS dist/structures/Filters.d.ts                       103.00 B
DTS dist/structures/Queue.d.ts                         136.00 B
DTS dist/structures/Player.d.ts                        96.00 B
DTS dist/structures/Node.d.ts                          102.00 B
DTS dist/structures/NodeManager.d.ts                   101.00 B
DTS dist/structures/Types/Manager.d.ts                 189.00 B
DTS dist/structures/LavalinkManager.d.ts               105.00 B
DTS dist/index.d.ts                                    3.38 KB
DTS dist/LavalinkManager-D-PCgvJA.d.ts                 112.91 KB
[2K[1GDone in 6.77s.
